<?xml version="1.0" encoding="UTF-8"?>
<testng-results ignored="0" total="2" passed="2" failed="0" skipped="0">
  <reporter-output>
  </reporter-output>
  <suite started-at="2022-06-27T12:40:41 IST" name="kohlSuite" finished-at="2022-06-27T12:42:21 IST" duration-ms="100143">
    <groups>
    </groups>
    <test started-at="2022-06-27T12:40:41 IST" name="kohlTest_chrome" finished-at="2022-06-27T12:41:05 IST" duration-ms="24164">
      <class name="com.test.verifyfbTc001">
        <test-method is-config="true" signature="setup(java.lang.String)[pri:0, instance:com.test.verifyfbTc001@291ae]" started-at="2022-06-27T12:40:41 IST" name="setup" finished-at="2022-06-27T12:41:03 IST" duration-ms="21769" status="PASS">
          <params>
            <param index="0">
              <value>
                <![CDATA[chrome]]>
              </value>
            </param>
          </params>
          <reporter-output>
          </reporter-output>
        </test-method> <!-- setup -->
        <test-method signature="verifykohl()[pri:0, instance:com.test.verifyfbTc001@291ae]" started-at="2022-06-27T12:41:03 IST" name="verifykohl" finished-at="2022-06-27T12:41:05 IST" duration-ms="1797" status="PASS">
          <reporter-output>
          </reporter-output>
        </test-method> <!-- verifykohl -->
        <test-method is-config="true" signature="teardown()[pri:0, instance:com.test.verifyfbTc001@291ae]" started-at="2022-06-27T12:41:05 IST" name="teardown" finished-at="2022-06-27T12:41:05 IST" duration-ms="558" status="PASS">
          <reporter-output>
          </reporter-output>
        </test-method> <!-- teardown -->
      </class> <!-- com.test.verifyfbTc001 -->
    </test> <!-- kohlTest_chrome -->
    <test started-at="2022-06-27T12:41:05 IST" name="kohlTest_firefox" finished-at="2022-06-27T12:42:21 IST" duration-ms="75838">
      <class name="com.test.verifyfbTc001">
        <test-method is-config="true" signature="configsetup()[pri:0, instance:com.test.verifyfbTc001@694abbdc]" started-at="2022-06-27T12:40:37 IST" name="configsetup" finished-at="2022-06-27T12:40:41 IST" duration-ms="3957" status="PASS">
          <reporter-output>
          </reporter-output>
        </test-method> <!-- configsetup -->
        <test-method is-config="true" signature="setup(java.lang.String)[pri:0, instance:com.test.verifyfbTc001@694abbdc]" started-at="2022-06-27T12:41:05 IST" name="setup" finished-at="2022-06-27T12:42:10 IST" duration-ms="64705" status="PASS">
          <params>
            <param index="0">
              <value>
                <![CDATA[firefox]]>
              </value>
            </param>
          </params>
          <reporter-output>
          </reporter-output>
        </test-method> <!-- setup -->
        <test-method signature="verifykohl()[pri:0, instance:com.test.verifyfbTc001@694abbdc]" started-at="2022-06-27T12:42:10 IST" name="verifykohl" finished-at="2022-06-27T12:42:17 IST" duration-ms="6942" status="PASS">
          <reporter-output>
          </reporter-output>
        </test-method> <!-- verifykohl -->
        <test-method is-config="true" signature="teardown()[pri:0, instance:com.test.verifyfbTc001@694abbdc]" started-at="2022-06-27T12:42:17 IST" name="teardown" finished-at="2022-06-27T12:42:21 IST" duration-ms="4184" status="PASS">
          <reporter-output>
          </reporter-output>
        </test-method> <!-- teardown -->
      </class> <!-- com.test.verifyfbTc001 -->
    </test> <!-- kohlTest_firefox -->
  </suite> <!-- kohlSuite -->
</testng-results>
