<?xml version="1.0" encoding="UTF-8"?>
<testng-results ignored="0" total="2" passed="2" failed="0" skipped="0">
  <reporter-output>
  </reporter-output>
  <suite started-at="2022-05-26T19:24:24 IST" name="kohlSuite" finished-at="2022-05-26T19:25:08 IST" duration-ms="44185">
    <groups>
    </groups>
    <test started-at="2022-05-26T19:24:24 IST" name="kohlTest_chrome" finished-at="2022-05-26T19:24:40 IST" duration-ms="15794">
      <class name="com.test.verifyfbTc001">
        <test-method is-config="true" signature="setup(java.lang.String)[pri:0, instance:com.test.verifyfbTc001@291ae]" started-at="2022-05-26T19:24:24 IST" name="setup" finished-at="2022-05-26T19:24:39 IST" duration-ms="14394" status="PASS">
          <params>
            <param index="0">
              <value>
                <![CDATA[chrome]]>
              </value>
            </param>
          </params>
          <reporter-output>
          </reporter-output>
        </test-method> <!-- setup -->
        <test-method signature="verifykohl()[pri:0, instance:com.test.verifyfbTc001@291ae]" started-at="2022-05-26T19:24:39 IST" name="verifykohl" finished-at="2022-05-26T19:24:40 IST" duration-ms="1090" status="PASS">
          <reporter-output>
          </reporter-output>
        </test-method> <!-- verifykohl -->
        <test-method is-config="true" signature="teardown()[pri:0, instance:com.test.verifyfbTc001@291ae]" started-at="2022-05-26T19:24:40 IST" name="teardown" finished-at="2022-05-26T19:24:40 IST" duration-ms="243" status="PASS">
          <reporter-output>
          </reporter-output>
        </test-method> <!-- teardown -->
      </class> <!-- com.test.verifyfbTc001 -->
    </test> <!-- kohlTest_chrome -->
    <test started-at="2022-05-26T19:24:40 IST" name="kohlTest_firefox" finished-at="2022-05-26T19:25:08 IST" duration-ms="28306">
      <class name="com.test.verifyfbTc001">
        <test-method is-config="true" signature="configsetup()[pri:0, instance:com.test.verifyfbTc001@694abbdc]" started-at="2022-05-26T19:24:24 IST" name="configsetup" finished-at="2022-05-26T19:24:24 IST" duration-ms="691" status="PASS">
          <reporter-output>
          </reporter-output>
        </test-method> <!-- configsetup -->
        <test-method is-config="true" signature="setup(java.lang.String)[pri:0, instance:com.test.verifyfbTc001@694abbdc]" started-at="2022-05-26T19:24:40 IST" name="setup" finished-at="2022-05-26T19:25:04 IST" duration-ms="23855" status="PASS">
          <params>
            <param index="0">
              <value>
                <![CDATA[firefox]]>
              </value>
            </param>
          </params>
          <reporter-output>
          </reporter-output>
        </test-method> <!-- setup -->
        <test-method signature="verifykohl()[pri:0, instance:com.test.verifyfbTc001@694abbdc]" started-at="2022-05-26T19:25:04 IST" name="verifykohl" finished-at="2022-05-26T19:25:06 IST" duration-ms="2298" status="PASS">
          <reporter-output>
          </reporter-output>
        </test-method> <!-- verifykohl -->
        <test-method is-config="true" signature="teardown()[pri:0, instance:com.test.verifyfbTc001@694abbdc]" started-at="2022-05-26T19:25:06 IST" name="teardown" finished-at="2022-05-26T19:25:08 IST" duration-ms="2147" status="PASS">
          <reporter-output>
          </reporter-output>
        </test-method> <!-- teardown -->
      </class> <!-- com.test.verifyfbTc001 -->
    </test> <!-- kohlTest_firefox -->
  </suite> <!-- kohlSuite -->
</testng-results>
